[debug] [2018-05-06T16:53:25.900Z] ----------------------------------------------------------------------
[debug] [2018-05-06T16:53:25.903Z] Command:       /usr/local/bin/node /usr/local/bin/firebase open
[debug] [2018-05-06T16:53:25.904Z] CLI Version:   3.18.4
[debug] [2018-05-06T16:53:25.904Z] Platform:      darwin
[debug] [2018-05-06T16:53:25.904Z] Node Version:  v8.11.1
[debug] [2018-05-06T16:53:25.905Z] Time:          Sun May 06 2018 18:53:25 GMT+0200 (SAST)
[debug] [2018-05-06T16:53:25.905Z] ----------------------------------------------------------------------
[debug] 
[debug] [2018-05-06T16:53:25.925Z] > command requires scopes: ["email","openid","https://www.googleapis.com/auth/cloudplatformprojects.readonly","https://www.googleapis.com/auth/firebase"]
[debug] [2018-05-06T16:53:25.925Z] > authorizing via signed-in user
[debug] [2018-05-06T16:53:25.929Z] > refreshing access token with scopes: ["email","https://www.googleapis.com/auth/cloudplatformprojects.readonly","https://www.googleapis.com/auth/firebase","openid"]
[debug] [2018-05-06T16:53:25.930Z] >>> HTTP REQUEST POST https://www.googleapis.com/oauth2/v3/token  
 { refresh_token: '1/4l_aAvWGyDUtT_98HZu_XPuiK-BfyR4RybBh8YDiY7Y',
  client_id: '563584335869-fgrhgmd47bqnekij5i8b5pr03ho849e6.apps.googleusercontent.com',
  client_secret: 'j9iVZfS8kkCEFUPaAeJV0sAi',
  grant_type: 'refresh_token',
  scope: 'email https://www.googleapis.com/auth/cloudplatformprojects.readonly https://www.googleapis.com/auth/firebase openid' } 
 Sun May 06 2018 18:53:25 GMT+0200 (SAST)
[debug] [2018-05-06T16:53:26.965Z] <<< HTTP RESPONSE 200
[debug] [2018-05-06T16:53:26.981Z] >>> HTTP REQUEST GET https://admin.firebase.com/v1/projects/outsetters-3fae7  
  
 Sun May 06 2018 18:53:26 GMT+0200 (SAST)
[debug] [2018-05-06T16:53:28.392Z] <<< HTTP RESPONSE 200
[debug] [2018-05-06T16:53:28.393Z] >>> HTTP REQUEST GET https://admin.firebase.com/v1/database/outsetters-3fae7/tokens  
  
 Sun May 06 2018 18:53:28 GMT+0200 (SAST)
[debug] [2018-05-06T16:53:29.468Z] <<< HTTP RESPONSE 200
